============================= test session starts ==============================
platform linux -- Python 3.12.3, pytest-9.0.2, pluggy-1.6.0 -- /home/gabe/Projects/average_messenger/.venv/bin/python3
cachedir: .pytest_cache
rootdir: /home/gabe/Projects/average_messenger
configfile: pyproject.toml
plugins: anyio-4.12.1, asyncio-1.3.0
asyncio: mode=Mode.AUTO, debug=False, asyncio_default_fixture_loop_scope=None, asyncio_default_test_loop_scope=function
collecting ... collected 29 items

tests/auth/test_router.py::test_register_success_basic PASSED            [  3%]
tests/auth/test_router.py::test_register_success_multiple_users PASSED   [  6%]
tests/auth/test_router.py::test_register_fail_duplicate_username PASSED  [ 10%]
tests/auth/test_router.py::test_login_success_basic PASSED               [ 13%]
tests/auth/test_router.py::test_login_fail_no_register PASSED            [ 17%]
tests/auth/test_router.py::test_login_fail_invalid_password PASSED       [ 20%]
tests/auth/test_schemas.py::test_disallow_zw_characters_in_username PASSED [ 24%]
tests/auth/test_schemas.py::test_disallow_long_usernames PASSED          [ 27%]
tests/auth/test_schemas.py::test_disallow_empty_usernames PASSED         [ 31%]
tests/auth/test_schemas.py::test_disallow_zero_length_usernames PASSED   [ 34%]
tests/auth/test_schemas.py::test_allow_valid_usernames PASSED            [ 37%]
tests/auth/test_schemas.py::test_disallow_exceedingly_short_passwords PASSED [ 41%]
tests/auth/test_schemas.py::test_disallow_exceedingly_long_passwords PASSED [ 44%]
tests/auth/test_schemas.py::test_disallow_invalid_characters_in_passwords PASSED [ 48%]
tests/auth/test_services.py::test_register_service_creates_user PASSED   [ 51%]
tests/auth/test_services.py::test_register_service_is_hashes_password PASSED [ 55%]
tests/auth/test_services.py::test_register_service_duplicate_raises PASSED [ 58%]
tests/auth/test_services.py::test_login_service_invalid_credentials_raises PASSED [ 62%]
tests/chat/test_router.py::test_create_chat_success FAILED               [ 65%]
tests/chat/test_router.py::test_creator_in_the_created_chat PASSED       [ 68%]
tests/chat/test_router.py::test_create_chat_appears_in_list PASSED       [ 72%]
tests/chat/test_router.py::test_send_message_success FAILED              [ 75%]
tests/chat/test_router.py::test_get_messages FAILED                      [ 79%]
tests/chat/test_router.py::test_join_chat FAILED                         [ 82%]
tests/chat/test_schemas.py::test_removed_zw_from_message_text PASSED     [ 86%]
tests/chat/test_schemas.py::test_disallow_exceedingly_long_messages PASSED [ 89%]
tests/chat/test_schemas.py::test_disallow_empty_messages PASSED          [ 93%]
tests/chat/test_schemas.py::test_disallow_invalid_messages PASSED        [ 96%]
tests/chat/test_schemas.py::test_disallow_zero_length_messages PASSED    [100%]

=================================== FAILURES ===================================
___________________________ test_create_chat_success ___________________________

client = <httpx.AsyncClient object at 0x7b7e2a183170>

    async def test_create_chat_success(client: AsyncClient):
        token = await register_and_login(client)
        response = await create_chat(client, token)
>       assert_successful_response(response)

tests/chat/test_router.py:71: 
_ _ _ _ _ _ _ _ _ _ _ _ _ _ _ _ _ _ _ _ _ _ _ _ _ _ _ _ _ _ _ _ _ _ _ _ _ _ _ _ 

response = <Response [409 Conflict]>, message = None

    def assert_successful_response(response, message=None) -> None:
>       assert response.status_code == 200
E       assert 409 == 200
E        +  where 409 = <Response [409 Conflict]>.status_code

tests/chat/test_router.py:60: AssertionError
__________________________ test_send_message_success ___________________________

client = <httpx.AsyncClient object at 0x7b7e2a1b7590>

    async def test_send_message_success(client: AsyncClient):
        token = await register_and_login(client)
        chat_response = await create_chat(client, token)
>       chat_id = chat_response.json()["id"]
                  ^^^^^^^^^^^^^^^^^^^^^^^^^^
E       KeyError: 'id'

tests/chat/test_router.py:111: KeyError
______________________________ test_get_messages _______________________________

client = <httpx.AsyncClient object at 0x7b7e29d930e0>

    async def test_get_messages(client: AsyncClient):
        token = await register_and_login(client)
        chat_response = await create_chat(client, token)
>       chat_id = chat_response.json()["id"]
                  ^^^^^^^^^^^^^^^^^^^^^^^^^^
E       KeyError: 'id'

tests/chat/test_router.py:120: KeyError
________________________________ test_join_chat ________________________________

client = <httpx.AsyncClient object at 0x7b7e29de44a0>
sqlite_connection = <aiosqlite.core.Connection object at 0x7b7e2a156690>

    async def test_join_chat(
        client: AsyncClient,
        sqlite_connection):
    
        token1 = await register_and_login(client, "user1")
        await create_chat(client, token1)
    
        token2 = await register_and_login(client, "user2")
    
        response = await client.post("/chat/join",
            json={"chat_id": 2},
            headers={"Authorization": f"Bearer {token2}"}
        )
    
        assert_successful_response(response)
    
        exec_result = await sqlite_connection.execute("SELECT * FROM chat_members WHERE chat_id = 2")
        temp = 0
    
        row1 = await exec_result.fetchone()
        assert row1 is not None
        assert row1["user_id"] in (1, 2)
    
        temp += row1["user_id"]
    
        row2 = await exec_result.fetchone()
>       assert row2 is not None
E       assert None is not None

tests/chat/test_router.py:159: AssertionError
=========================== short test summary info ============================
FAILED tests/chat/test_router.py::test_create_chat_success - assert 409 == 200
FAILED tests/chat/test_router.py::test_send_message_success - KeyError: 'id'
FAILED tests/chat/test_router.py::test_get_messages - KeyError: 'id'
FAILED tests/chat/test_router.py::test_join_chat - assert None is not None
========================= 4 failed, 25 passed in 1.72s =========================
